<?xml version="1.0" encoding="UTF-8"?>
<testng-results ignored="0" total="3" passed="3" failed="0" skipped="0">
  <reporter-output>
  </reporter-output>
  <suite started-at="2021-09-27T06:09:10Z" name="Default suite" finished-at="2021-09-27T06:09:23Z" duration-ms="13220">
    <groups>
    </groups>
    <test started-at="2021-09-27T06:09:10Z" name="Default test" finished-at="2021-09-27T06:09:23Z" duration-ms="13220">
      <class name="com.qa.TestClasses.HomepageTest">
        <test-method is-config="true" signature="setup()[pri:0, instance:com.qa.TestClasses.HomepageTest@2ccca26f]" started-at="2021-09-27T06:09:10Z" name="setup" finished-at="2021-09-27T06:09:18Z" duration-ms="7912" status="PASS">
          <reporter-output>
          </reporter-output>
        </test-method> <!-- setup -->
        <test-method signature="verifyRefresh()[pri:0, instance:com.qa.TestClasses.HomepageTest@2ccca26f]" started-at="2021-09-27T06:09:18Z" name="verifyRefresh" finished-at="2021-09-27T06:09:19Z" duration-ms="1492" status="PASS">
          <reporter-output>
          </reporter-output>
        </test-method> <!-- verifyRefresh -->
        <test-method signature="verifytitle()[pri:0, instance:com.qa.TestClasses.HomepageTest@2ccca26f]" started-at="2021-09-27T06:09:19Z" name="verifytitle" finished-at="2021-09-27T06:09:19Z" duration-ms="13" status="PASS">
          <reporter-output>
          </reporter-output>
        </test-method> <!-- verifytitle -->
        <test-method signature="validatelogo()[pri:1, instance:com.qa.TestClasses.HomepageTest@2ccca26f]" started-at="2021-09-27T06:09:19Z" name="validatelogo" finished-at="2021-09-27T06:09:22Z" duration-ms="3072" status="PASS">
          <reporter-output>
          </reporter-output>
        </test-method> <!-- validatelogo -->
        <test-method is-config="true" signature="shutdown()[pri:0, instance:com.qa.TestClasses.HomepageTest@2ccca26f]" started-at="2021-09-27T06:09:22Z" name="shutdown" finished-at="2021-09-27T06:09:23Z" duration-ms="693" status="PASS">
          <reporter-output>
          </reporter-output>
        </test-method> <!-- shutdown -->
      </class> <!-- com.qa.TestClasses.HomepageTest -->
    </test> <!-- Default test -->
  </suite> <!-- Default suite -->
</testng-results>
