<?xml version="1.0" encoding="UTF-8"?>
<!-- Generated by org.testng.reporters.JUnitXMLReporter -->
<testsuite ignored="0" hostname="LAPTOP-05DD5S8V" failures="5" tests="11" name="Test" time="113.408" errors="0" timestamp="14 Sep 2021 19:42:44 GMT">
  <testcase classname="com.qa.TestClasses.AddToCartTest" name="TestAddToCart" time="7.011"/>
  <testcase classname="com.qa.TestClasses.ContactPageTest" name="ContactpageTest" time="0.769"/>
  <testcase classname="com.qa.TestClasses.TestDataVerifyClass" name="testData" time="9.444">
    <failure type="java.lang.AssertionError" message="expected [true] but found [false]">
      <![CDATA[java.lang.AssertionError: expected [true] but found [false]
at com.qa.TestClasses.TestDataVerifyClass.testData(TestDataVerifyClass.java:47)
... Removed 29 stack frames]]>
    </failure>
  </testcase> <!-- testData -->
  <testcase classname="com.qa.TestClasses.TestDataVerifyClass" name="testData" time="9.3">
    <failure type="java.lang.AssertionError" message="expected [true] but found [false]">
      <![CDATA[java.lang.AssertionError: expected [true] but found [false]
at com.qa.TestClasses.TestDataVerifyClass.testData(TestDataVerifyClass.java:47)
... Removed 29 stack frames]]>
    </failure>
  </testcase> <!-- testData -->
  <testcase classname="com.qa.TestClasses.TestDataVerifyClass" name="testData" time="9.299">
    <failure type="java.lang.AssertionError" message="expected [true] but found [false]">
      <![CDATA[java.lang.AssertionError: expected [true] but found [false]
at com.qa.TestClasses.TestDataVerifyClass.testData(TestDataVerifyClass.java:47)
... Removed 29 stack frames]]>
    </failure>
  </testcase> <!-- testData -->
  <testcase classname="com.qa.TestClasses.TestDataVerifyClass" name="testData" time="9.295">
    <failure type="java.lang.AssertionError" message="expected [true] but found [false]">
      <![CDATA[java.lang.AssertionError: expected [true] but found [false]
at com.qa.TestClasses.TestDataVerifyClass.testData(TestDataVerifyClass.java:47)
... Removed 29 stack frames]]>
    </failure>
  </testcase> <!-- testData -->
  <testcase classname="com.qa.TestClasses.TestDataVerifyClass" name="testData" time="9.252">
    <failure type="java.lang.AssertionError" message="expected [true] but found [false]">
      <![CDATA[java.lang.AssertionError: expected [true] but found [false]
at com.qa.TestClasses.TestDataVerifyClass.testData(TestDataVerifyClass.java:47)
... Removed 29 stack frames]]>
    </failure>
  </testcase> <!-- testData -->
  <testcase classname="com.qa.TestClasses.HomepageTest" name="verifyRefresh" time="1.675"/>
  <testcase classname="com.qa.TestClasses.HomepageTest" name="verifytitle" time="0.01"/>
  <testcase classname="com.qa.TestClasses.LoginPageTest" name="loginTest" time="0.698"/>
  <testcase classname="com.qa.TestClasses.HomepageTest" name="validatelogo" time="3.06"/>
</testsuite> <!-- Test -->
